<?xml version="1.0" encoding="UTF-8"?>
<testng-results total="4" passed="4" failed="0" skipped="0">
  <reporter-output>
  </reporter-output>
  <suite started-at="2023-02-08T10:33:25Z" name="Default suite" finished-at="2023-02-08T10:38:41Z" duration-ms="315951">
    <groups>
    </groups>
    <test started-at="2023-02-08T10:33:25Z" name="Default test" finished-at="2023-02-08T10:38:41Z" duration-ms="315951">
      <class name="tests.aggregatorTests">
        <test-method is-config="true" signature="StartDriver()[pri:0, instance:tests.aggregatorTests@2e2ff723]" started-at="2023-02-08T12:33:25Z" name="StartDriver" finished-at="2023-02-08T12:33:29Z" duration-ms="3690" status="PASS">
          <reporter-output>
          </reporter-output>
        </test-method> <!-- StartDriver -->
        <test-method signature="AggregatorPaymentlink()[pri:0, instance:tests.aggregatorTests@2e2ff723]" started-at="2023-02-08T12:33:29Z" name="AggregatorPaymentlink" finished-at="2023-02-08T12:35:38Z" duration-ms="128548" status="PASS">
          <reporter-output>
          </reporter-output>
        </test-method> <!-- AggregatorPaymentlink -->
        <test-method signature="AggregatorsupportTiket()[pri:0, instance:tests.aggregatorTests@2e2ff723]" started-at="2023-02-08T12:35:38Z" name="AggregatorsupportTiket" finished-at="2023-02-08T12:35:50Z" duration-ms="12681" status="PASS">
          <reporter-output>
          </reporter-output>
        </test-method> <!-- AggregatorsupportTiket -->
        <test-method signature="Aggregatoreditterminal()[pri:0, instance:tests.aggregatorTests@2e2ff723]" started-at="2023-02-08T12:35:50Z" name="Aggregatoreditterminal" finished-at="2023-02-08T12:36:24Z" duration-ms="33906" status="PASS">
          <reporter-output>
          </reporter-output>
        </test-method> <!-- Aggregatoreditterminal -->
        <test-method signature="AggregatoreditMerchant()[pri:0, instance:tests.aggregatorTests@2e2ff723]" started-at="2023-02-08T12:36:24Z" name="AggregatoreditMerchant" finished-at="2023-02-08T12:38:41Z" duration-ms="137114" status="PASS">
          <reporter-output>
          </reporter-output>
        </test-method> <!-- AggregatoreditMerchant -->
        <test-method is-config="true" signature="TearDown()[pri:0, instance:tests.aggregatorTests@2e2ff723]" started-at="2023-02-08T12:38:41Z" name="TearDown" finished-at="2023-02-08T12:38:41Z" duration-ms="1" status="PASS">
          <reporter-output>
          </reporter-output>
        </test-method> <!-- TearDown -->
      </class> <!-- tests.aggregatorTests -->
    </test> <!-- Default test -->
  </suite> <!-- Default suite -->
</testng-results>
